C:\Program Files\Microsoft Visual Studio\2022\Community\MSBuild\Microsoft\VC\v170\Microsoft.CppBuild.targets(531,5): warning MSB8028: The intermediate directory (x64\Debug\) contains files shared from another project (OSDP_PD.vcxproj).  This can lead to incorrect clean and rebuild behavior.
  main.c
C:\repos\BLE\ReaderSim - PC app\main.c(80,43): warning C4554: '|': check operator precedence for possible error; use parentheses to clarify precedence
C:\repos\BLE\ReaderSim - PC app\main.c(90,51): warning C4554: '|': check operator precedence for possible error; use parentheses to clarify precedence
C:\repos\BLE\ReaderSim - PC app\main.c(110,43): warning C4554: '|': check operator precedence for possible error; use parentheses to clarify precedence
C:\repos\BLE\ReaderSim - PC app\main.c(116,50): warning C4554: '|': check operator precedence for possible error; use parentheses to clarify precedence
C:\repos\BLE\ReaderSim - PC app\main.c(136,43): warning C4554: '|': check operator precedence for possible error; use parentheses to clarify precedence
C:\repos\BLE\ReaderSim - PC app\main.c(142,49): warning C4554: '|': check operator precedence for possible error; use parentheses to clarify precedence
C:\repos\BLE\ReaderSim - PC app\main.c(162,43): warning C4554: '|': check operator precedence for possible error; use parentheses to clarify precedence
C:\repos\BLE\ReaderSim - PC app\main.c(178,50): warning C4554: '|': check operator precedence for possible error; use parentheses to clarify precedence
C:\repos\BLE\ReaderSim - PC app\main.c(203,43): warning C4554: '|': check operator precedence for possible error; use parentheses to clarify precedence
C:\repos\BLE\ReaderSim - PC app\main.c(209,50): warning C4554: '|': check operator precedence for possible error; use parentheses to clarify precedence
C:\repos\BLE\ReaderSim - PC app\main.c(229,43): warning C4554: '|': check operator precedence for possible error; use parentheses to clarify precedence
C:\repos\BLE\ReaderSim - PC app\main.c(239,50): warning C4554: '|': check operator precedence for possible error; use parentheses to clarify precedence
C:\repos\BLE\ReaderSim - PC app\main.c(262,43): warning C4554: '|': check operator precedence for possible error; use parentheses to clarify precedence
C:\repos\BLE\ReaderSim - PC app\main.c(268,47): warning C4554: '|': check operator precedence for possible error; use parentheses to clarify precedence
C:\repos\BLE\ReaderSim - PC app\main.c(290,43): warning C4554: '|': check operator precedence for possible error; use parentheses to clarify precedence
C:\repos\BLE\ReaderSim - PC app\main.c(296,43): warning C4554: '|': check operator precedence for possible error; use parentheses to clarify precedence
C:\repos\BLE\ReaderSim - PC app\main.c(318,43): warning C4554: '|': check operator precedence for possible error; use parentheses to clarify precedence
C:\repos\BLE\ReaderSim - PC app\main.c(324,46): warning C4554: '|': check operator precedence for possible error; use parentheses to clarify precedence
C:\repos\BLE\ReaderSim - PC app\main.c(54,9): warning C4101: 'currentTime': unreferenced local variable
C:\repos\BLE\ReaderSim - PC app\main.c(365,10): warning C4129: 'p': unrecognized character escape sequence
C:\repos\BLE\ReaderSim - PC app\main.c(371,7): warning C4013: 'getch' undefined; assuming extern returning int
  serial.c
  Generating Code...
  OSDP_PD.vcxproj -> C:\repos\BLE\ReaderSim - PC app\x64\Debug\TagProgSim.exe
